#
# A fatal error has been detected by the Java Runtime Environment:
#
#  EXCEPTION_ACCESS_VIOLATION (0xc0000005) at pc=0x0883c585, pid=4560, tid=1528
#
# JRE version: 6.0_17-b04
# Java VM: Java HotSpot(TM) Client VM (14.3-b01 mixed mode windows-x86 )
# Problematic frame:
# C  0x0883c585
#
# If you would like to submit a bug report, please visit:
#   http://java.sun.com/webapps/bugreport/crash.jsp
#

---------------  T H R E A D  ---------------

Current thread (0x1fe7f000):  JavaThread "Code Analyzer updating thread" [_thread_in_vm, id=1528, stack(0x341d0000,0x34250000)]

siginfo: ExceptionCode=0xc0000005, reading address 0x00000000

Registers:
EAX=0x00000000, EBX=0x1fe7f110, ECX=0x1fe7f000, EDX=0x089567a4
ESP=0x3424ee28, EBP=0x3424ee70, ESI=0x1fe7f000, EDI=0x00000000
EIP=0x0883c585, EFLAGS=0x00010246

Top of Stack: (sp=0x3424ee28)
0x3424ee28:   1f85b638 1fe7f110 73f02fba 3424eecc
0x3424ee38:   0892dff0 0892f2f0 ffffffff 3424ee54
0x3424ee48:   087410e0 1fe7f000 3424fa54 3424ee84
0x3424ee58:   0883f5b9 1fe7f000 1fe7f000 29e0d79c
0x3424ee68:   000004bb 089567a4 3424ee88 73f010fd
0x3424ee78:   1fe7f110 1f85b638 00000000 3424ee9c
0x3424ee88:   3424f878 73f02fea 1fe7f110 1f85b638
0x3424ee98:   00000000 002c2dc7 3424f86c 3424f13c 

Instructions: (pc=0x0883c585)
0x0883c575:   00 00 00 74 08 8d 4d f0 e8 3e 24 08 00 8b 7d 10
0x0883c585:   8b 07 c7 45 e0 0c 00 00 00 8b 48 08 0f b7 51 26 


Stack: [0x341d0000,0x34250000],  sp=0x3424ee28,  free space=507k
Native frames: (J=compiled Java code, j=interpreted, Vv=VM code, C=native code)
C  0x0883c585
C  0x73f010fd
C  0x73f02fea
j  com.mathworks.widgets.text.mcode.MLint.nativeGetMessages(Ljava/lang/String;Ljava/lang/String;)Ljava/util/List;+0
j  com.mathworks.widgets.text.mcode.MLint.getMessages(Ljava/lang/String;Ljava/lang/String;Lcom/mathworks/widgets/text/mcode/MLintConfiguration;Z)Ljava/util/List;+67
j  com.mathworks.widgets.text.mcode.analyzer.CodeAnalyzerThread.doMLint()V+95
j  com.mathworks.widgets.text.mcode.analyzer.CodeAnalyzerThread.access$400(Lcom/mathworks/widgets/text/mcode/analyzer/CodeAnalyzerThread;)V+1
j  com.mathworks.widgets.text.mcode.analyzer.CodeAnalyzerThread$MLintRunnable.run()V+14
j  java.lang.Thread.run()V+11
v  ~StubRoutines::call_stub
C  0x0882cf9c
C  0x088b41d1
C  0x0882d167
C  0x0882d1dd
C  0x08856290
C  0x08910414
C  0x088b3e4c
C  0x7d919565
C  [kernel32.dll+0x4ee1c]
C  [ntdll.dll+0x637eb]
C  [ntdll.dll+0x637be]

Java frames: (J=compiled Java code, j=interpreted, Vv=VM code)
j  com.mathworks.widgets.text.mcode.MLint.nativeGetMessages(Ljava/lang/String;Ljava/lang/String;)Ljava/util/List;+0
j  com.mathworks.widgets.text.mcode.MLint.getMessages(Ljava/lang/String;Ljava/lang/String;Lcom/mathworks/widgets/text/mcode/MLintConfiguration;Z)Ljava/util/List;+67
j  com.mathworks.widgets.text.mcode.analyzer.CodeAnalyzerThread.doMLint()V+95
j  com.mathworks.widgets.text.mcode.analyzer.CodeAnalyzerThread.access$400(Lcom/mathworks/widgets/text/mcode/analyzer/CodeAnalyzerThread;)V+1
j  com.mathworks.widgets.text.mcode.analyzer.CodeAnalyzerThread$MLintRunnable.run()V+14
j  java.lang.Thread.run()V+11
v  ~StubRoutines::call_stub

---------------  P R O C E S S  ---------------

Java Threads: ( => current thread )
  0x1fe84000 JavaThread "Image Fetcher 0" daemon [_thread_blocked, id=10876, stack(0x3b9d0000,0x3ba50000)]
=>0x1fe7f000 JavaThread "Code Analyzer updating thread" [_thread_in_vm, id=1528, stack(0x341d0000,0x34250000)]
  0x1fe80800 JavaThread "RecordlistTable Timer" daemon [_thread_blocked, id=11872, stack(0x2bac0000,0x2bb40000)]
  0x2072e800 JavaThread "Foxtrot Single Worker Thread #1" daemon [_thread_blocked, id=10532, stack(0x36fa0000,0x37020000)]
  0x1fe83400 JavaThread "Prefs Updater" daemon [_thread_blocked, id=11364, stack(0x296e0000,0x29760000)]
  0x1fe83800 JavaThread "Swing-Shell" daemon [_thread_blocked, id=10448, stack(0x08020000,0x080a0000)]
  0x1fe82c00 JavaThread "Active Reference Queue Daemon" daemon [_thread_blocked, id=5740, stack(0x2b6c0000,0x2b740000)]
  0x1fe82800 JavaThread "Timer-1" daemon [_thread_blocked, id=2916, stack(0x2b640000,0x2b6c0000)]
  0x1fe82000 JavaThread "ClipboardMonitor Timer" daemon [_thread_blocked, id=9160, stack(0x2b5c0000,0x2b640000)]
  0x1fe81000 JavaThread "Explorer NavigationContext request queue" daemon [_thread_blocked, id=6512, stack(0x2b540000,0x2b5c0000)]
  0x1fe7fc00 JavaThread "AddressBar directory emptiness poller" daemon [_thread_blocked, id=7924, stack(0x2ad00000,0x2ad80000)]
  0x1fe7f800 JavaThread "Explorer Refresh Service 9530040" daemon [_thread_blocked, id=4612, stack(0x2ac80000,0x2ad00000)]
  0x1fe7e400 JavaThread "Thread-4" daemon [_thread_blocked, id=7560, stack(0x24640000,0x246c0000)]
  0x1fe7e000 JavaThread "TimerQueue" daemon [_thread_blocked, id=9100, stack(0x20910000,0x20990000)]
  0x1fe7d800 JavaThread "Thread-3" daemon [_thread_blocked, id=8456, stack(0x095e0000,0x09660000)]
  0x1fe7d400 JavaThread "FelixPackageAdmin" daemon [_thread_blocked, id=10056, stack(0x0fe50000,0x0fed0000)]
  0x1fe7cc00 JavaThread "FelixStartLevel" daemon [_thread_blocked, id=8728, stack(0x0fdd0000,0x0fe50000)]
  0x1fe7c800 JavaThread "FelixDispatchQueue" daemon [_thread_blocked, id=2664, stack(0x0b820000,0x0b8a0000)]
  0x1fcf6800 JavaThread "AWT-EventQueue-0" [_thread_blocked, id=8340, stack(0x066d0000,0x06750000)]
  0x1fce2000 JavaThread "com.google.common.base.internal.Finalizer" daemon [_thread_blocked, id=8816, stack(0x06610000,0x06690000)]
  0x1fcc2c00 JavaThread "AWT-Windows" daemon [_thread_in_native, id=7768, stack(0x06510000,0x06590000)]
  0x1fcc2400 JavaThread "AWT-Shutdown" [_thread_blocked, id=10168, stack(0x06390000,0x06410000)]
  0x1fbe0400 JavaThread "Java2D Disposer" daemon [_thread_blocked, id=9088, stack(0x06210000,0x06290000)]
  0x1f865000 JavaThread "Timer-0" [_thread_blocked, id=9020, stack(0x06190000,0x06210000)]
  0x1ef68000 JavaThread "EventMgr Dispatcher" daemon [_thread_in_native, id=4376, stack(0x1f010000,0x1f810000)]
  0x0771fc00 JavaThread "Low Memory Detector" daemon [_thread_blocked, id=3732, stack(0x09560000,0x095e0000)]
  0x0771d000 JavaThread "CompilerThread0" daemon [_thread_blocked, id=9444, stack(0x0ee30000,0x0f630000)]
  0x0771c800 JavaThread "Attach Listener" daemon [_thread_blocked, id=5792, stack(0x094e0000,0x09560000)]
  0x076ddc00 JavaThread "Finalizer" daemon [_thread_blocked, id=9936, stack(0x08bf0000,0x08c70000)]
  0x076dc800 JavaThread "Reference Handler" daemon [_thread_blocked, id=9372, stack(0x08b70000,0x08bf0000)]
  0x08b6fc00 JavaThread "main" [_thread_in_native, id=4572, stack(0x00430000,0x00c30000)]

Other Threads:
  0x076d9c00 VMThread [stack: 0x0e630000,0x0ee30000] [id=6784]
  0x0f63bc00 WatcherThread [stack: 0x1e010000,0x1e810000] [id=8688]

VM state:not at safepoint (normal execution)

VM Mutex/Monitor currently owned by a thread: None

Heap
 def new generation   total 29504K, used 26910K [0x10010000, 0x12010000, 0x12010000)
  eden space 26240K, 100% used [0x10010000, 0x119b0000, 0x119b0000)
  from space 3264K,  20% used [0x11ce0000, 0x11d87ab0, 0x12010000)
  to   space 3264K,   0% used [0x119b0000, 0x119b0000, 0x11ce0000)
 tenured generation   total 98304K, used 98303K [0x12010000, 0x18010000, 0x18010000)
   the space 98304K,  99% used [0x12010000, 0x1800ffa8, 0x18010000, 0x18010000)
 compacting perm gen  total 47360K, used 47270K [0x18010000, 0x1ae50000, 0x1e010000)
   the space 47360K,  99% used [0x18010000, 0x1ae39b70, 0x1ae39c00, 0x1ae50000)
No shared spaces configured.

Dynamic libraries:
0x00400000 - 0x00425000 	C:\Program Files\MATLAB\R2013a\bin\win32\MATLAB.exe
0x779b0000 - 0x77aec000 	C:\Windows\SYSTEM32\ntdll.dll
0x77350000 - 0x77424000 	C:\Windows\system32\kernel32.dll
0x759c0000 - 0x75a0b000 	C:\Windows\system32\KERNELBASE.dll
0x7ef10000 - 0x7efa1000 	C:\Program Files\MATLAB\R2013a\bin\win32\libut.dll
0x7dce0000 - 0x7dd75000 	C:\Program Files\MATLAB\R2013a\bin\win32\libmwi18n.dll
0x10000000 - 0x1000b000 	C:\Program Files\MATLAB\R2013a\bin\win32\libmwresource_core.dll
0x000d0000 - 0x00139000 	C:\Program Files\MATLAB\R2013a\bin\win32\MSVCP100.dll
0x002c0000 - 0x0037f000 	C:\Program Files\MATLAB\R2013a\bin\win32\MSVCR100.dll
0x73390000 - 0x7339c000 	C:\Program Files\MATLAB\R2013a\bin\win32\boost_date_time-vc100-mt-1_49.dll
0x00140000 - 0x00165000 	C:\Program Files\MATLAB\R2013a\bin\win32\boost_filesystem-vc100-mt-1_49.dll
0x73190000 - 0x73197000 	C:\Program Files\MATLAB\R2013a\bin\win32\boost_system-vc100-mt-1_49.dll
0x77890000 - 0x77930000 	C:\Windows\system32\ADVAPI32.dll
0x762a0000 - 0x7634c000 	C:\Windows\system32\msvcrt.dll
0x77500000 - 0x77519000 	C:\Windows\SYSTEM32\sechost.dll
0x77b20000 - 0x77bc2000 	C:\Windows\system32\RPCRT4.dll
0x00170000 - 0x00191000 	C:\Program Files\MATLAB\R2013a\bin\win32\LIBEXPAT.dll
0x72eb0000 - 0x72ff9000 	C:\Program Files\MATLAB\R2013a\bin\win32\icuin49.dll
0x7ea10000 - 0x7eb17000 	C:\Program Files\MATLAB\R2013a\bin\win32\icuuc49.dll
0x00c30000 - 0x01d52000 	C:\Program Files\MATLAB\R2013a\bin\win32\icudt49.dll
0x73db0000 - 0x73dbd000 	C:\Program Files\MATLAB\R2013a\bin\win32\icuio49.dll
0x01d60000 - 0x01eb3000 	C:\Program Files\MATLAB\R2013a\bin\win32\libmwfl.dll
0x01ec0000 - 0x021e3000 	C:\Program Files\MATLAB\R2013a\bin\win32\libmwMATLAB_res.dll
0x021f0000 - 0x022a4000 	C:\Program Files\MATLAB\R2013a\bin\win32\boost_regex-vc100-mt-1_49.dll
0x77430000 - 0x774f9000 	C:\Windows\system32\USER32.dll
0x76480000 - 0x764ce000 	C:\Windows\system32\GDI32.dll
0x76470000 - 0x7647a000 	C:\Windows\system32\LPK.dll
0x75f90000 - 0x7602d000 	C:\Windows\system32\USP10.dll
0x73180000 - 0x7318e000 	C:\Program Files\MATLAB\R2013a\bin\win32\boost_signals-vc100-mt-1_49.dll
0x71320000 - 0x7132e000 	C:\Program Files\MATLAB\R2013a\bin\win32\boost_thread-vc100-mt-1_49.dll
0x022b0000 - 0x02324000 	C:\Program Files\MATLAB\R2013a\bin\win32\boost_log-vc100-mt-1_49.dll
0x77af0000 - 0x77af5000 	C:\Windows\system32\PSAPI.DLL
0x763e0000 - 0x76415000 	C:\Windows\system32\WS2_32.dll
0x75e30000 - 0x75e36000 	C:\Windows\system32\NSI.dll
0x00390000 - 0x003b8000 	C:\Program Files\MATLAB\R2013a\bin\win32\tbb.dll
0x76030000 - 0x7605b000 	C:\Windows\system32\imagehlp.dll
0x73b70000 - 0x73b95000 	C:\Windows\system32\POWRPROF.dll
0x771b0000 - 0x7734d000 	C:\Windows\system32\SETUPAPI.dll
0x75c70000 - 0x75c97000 	C:\Windows\system32\CFGMGR32.dll
0x77120000 - 0x771af000 	C:\Windows\system32\OLEAUT32.dll
0x75cd0000 - 0x75e2c000 	C:\Windows\system32\ole32.dll
0x75a40000 - 0x75a52000 	C:\Windows\system32\DEVOBJ.dll
0x003c0000 - 0x003d9000 	C:\Program Files\MATLAB\R2013a\bin\win32\libmwmfl_scalar.dll
0x73bc0000 - 0x73cab000 	C:\Windows\system32\dbghelp.dll
0x02330000 - 0x025c6000 	C:\Program Files\MATLAB\R2013a\bin\win32\libmwservices.dll
0x7db50000 - 0x7dc0c000 	C:\Program Files\MATLAB\R2013a\bin\win32\libmx.dll
0x712b0000 - 0x712c8000 	C:\Program Files\MATLAB\R2013a\bin\win32\tbbmalloc.dll
0x003e0000 - 0x003f4000 	C:\Program Files\MATLAB\R2013a\bin\win32\zlib1.dll
0x025d0000 - 0x0260d000 	C:\Program Files\MATLAB\R2013a\bin\win32\libmwregexp.dll
0x7df40000 - 0x7df78000 	C:\Program Files\MATLAB\R2013a\bin\win32\mpath.dll
0x72990000 - 0x72ea3000 	C:\Program Files\MATLAB\R2013a\bin\win32\mlutil.dll
0x7d670000 - 0x7d6d2000 	C:\Program Files\MATLAB\R2013a\bin\win32\xmlcore.dll
0x02610000 - 0x027d0000 	C:\Program Files\MATLAB\R2013a\bin\win32\xerces-c_2_7.dll
0x027e0000 - 0x027ff000 	C:\Program Files\MATLAB\R2013a\bin\win32\libmwMATLAB_settings_res.dll
0x71310000 - 0x7131d000 	C:\Program Files\MATLAB\R2013a\bin\win32\boost_iostreams-vc100-mt-1_49.dll
0x02800000 - 0x0283e000 	C:\Program Files\MATLAB\R2013a\bin\win32\boost_serialization-vc100-mt-1_49.dll
0x764d0000 - 0x7711a000 	C:\Windows\system32\SHELL32.dll
0x77650000 - 0x776a7000 	C:\Windows\system32\SHLWAPI.dll
0x02840000 - 0x02845000 	C:\Program Files\MATLAB\R2013a\bin\win32\libmwnativedisplay.dll
0x74ea0000 - 0x74f24000 	C:\Windows\WinSxS\x86_microsoft.windows.common-controls_6595b64144ccf1df_5.82.7601.18201_none_ec80f00e8593ece5\COMCTL32.dll
0x77930000 - 0x779ab000 	C:\Windows\system32\COMDLG32.dll
0x74d50000 - 0x74d61000 	C:\Windows\system32\NETAPI32.dll
0x74d40000 - 0x74d49000 	C:\Windows\system32\netutils.dll
0x753b0000 - 0x753c9000 	C:\Windows\system32\srvcli.dll
0x74d30000 - 0x74d3f000 	C:\Windows\system32\wkscli.dll
0x7f270000 - 0x7f2f7000 	C:\Program Files\MATLAB\R2013a\bin\win32\mcr.dll
0x02850000 - 0x02bde000 	C:\Program Files\MATLAB\R2013a\bin\win32\iqm.dll
0x7f630000 - 0x7f6b1000 	C:\Program Files\MATLAB\R2013a\bin\win32\m_dispatcher.dll
0x7b920000 - 0x7be74000 	C:\Program Files\MATLAB\R2013a\bin\win32\m_interpreter.dll
0x73dc0000 - 0x73ddc000 	C:\Program Files\MATLAB\R2013a\bin\win32\libmex.dll
0x7d8b0000 - 0x7d910000 	C:\Program Files\MATLAB\R2013a\bin\win32\profiler.dll
0x02be0000 - 0x02e4c000 	C:\Program Files\MATLAB\R2013a\bin\win32\libmwmathutil.dll
0x734f0000 - 0x7350f000 	C:\Program Files\MATLAB\R2013a\bin\win32\libmwmathrng.dll
0x02e50000 - 0x02e5e000 	C:\Program Files\MATLAB\R2013a\bin\win32\libmwmfl_rng.dll
0x7c390000 - 0x7c43b000 	C:\Program Files\MATLAB\R2013a\bin\win32\libmwmathcore.dll
0x7e000000 - 0x7e048000 	C:\Program Files\MATLAB\R2013a\bin\win32\libmwspmatrix.dll
0x72390000 - 0x72540000 	C:\Program Files\MATLAB\R2013a\bin\win32\mcos.dll
0x02e60000 - 0x02eab000 	C:\Program Files\MATLAB\R2013a\bin\win32\libmwcholmod.dll
0x73e70000 - 0x73e7a000 	C:\Program Files\MATLAB\R2013a\bin\win32\libmwamd.dll
0x730a0000 - 0x73143000 	C:\Windows\WinSxS\x86_microsoft.vc90.crt_1fc8b3b9a1e18e3b_9.0.30729.6161_none_50934f2ebcb7eb57\MSVCR90.dll
0x73e80000 - 0x73e8a000 	C:\Program Files\MATLAB\R2013a\bin\win32\libmwcolamd.dll
0x02ee0000 - 0x02eeb000 	C:\Program Files\MATLAB\R2013a\bin\win32\libmwblas.dll
0x73d30000 - 0x73d41000 	C:\Program Files\MATLAB\R2013a\bin\win32\libmwbinder.dll
0x73ea0000 - 0x73ea9000 	C:\Program Files\MATLAB\R2013a\bin\win32\libmwompwrapper.dll
0x73030000 - 0x73064000 	C:\Program Files\MATLAB\R2013a\bin\win32\libmwlapack.dll
0x02ef0000 - 0x02f07000 	C:\Program Files\MATLAB\R2013a\bin\win32\m_pcodeio.dll
0x7e080000 - 0x7e0c9000 	C:\Program Files\MATLAB\R2013a\bin\win32\m_ir.dll
0x70000000 - 0x70590000 	C:\Program Files\MATLAB\R2013a\bin\win32\m_parser.dll
0x02f10000 - 0x02f21000 	C:\Program Files\MATLAB\R2013a\bin\win32\ir_xfmr.dll
0x73e90000 - 0x73e9e000 	C:\Program Files\MATLAB\R2013a\bin\win32\mtok.dll
0x73690000 - 0x736b1000 	C:\Program Files\MATLAB\R2013a\bin\win32\m_pcodegen.dll
0x7e1c0000 - 0x7e1e7000 	C:\Program Files\MATLAB\R2013a\bin\win32\libmwbridge.dll
0x7f390000 - 0x7f421000 	C:\Program Files\MATLAB\R2013a\bin\win32\udd.dll
0x7e6f0000 - 0x7e808000 	C:\Program Files\MATLAB\R2013a\bin\win32\libmwgui.dll
0x02f30000 - 0x02f4d000 	C:\Program Files\MATLAB\R2013a\bin\win32\graphics_util.dll
0x02f50000 - 0x03002000 	C:\Program Files\MATLAB\R2013a\bin\win32\libtex_base.dll
0x03010000 - 0x0375c000 	C:\Program Files\MATLAB\R2013a\bin\win32\hg.dll
0x03760000 - 0x037a6000 	C:\Program Files\MATLAB\R2013a\bin\win32\libmat.dll
0x037b0000 - 0x03999000 	C:\Program Files\MATLAB\R2013a\bin\win32\hdf5dll.dll
0x7d9d0000 - 0x7da76000 	C:\Program Files\MATLAB\R2013a\bin\win32\jmi.dll
0x039b0000 - 0x039bc000 	C:\Program Files\MATLAB\R2013a\bin\win32\nativejava_services.dll
0x732b0000 - 0x732e2000 	C:\Program Files\MATLAB\R2013a\bin\win32\libmwhardcopy.dll
0x7de70000 - 0x7deb8000 	C:\Program Files\MATLAB\R2013a\bin\win32\libuij.dll
0x039c0000 - 0x03b92000 	C:\Program Files\MATLAB\R2013a\bin\win32\hgdatatypes.dll
0x7d2e0000 - 0x7d39d000 	C:\Program Files\MATLAB\R2013a\bin\win32\hgutils.dll
0x03ba0000 - 0x03c28000 	C:\Program Files\MATLAB\R2013a\bin\win32\udd_mi.dll
0x03c30000 - 0x03c5d000 	C:\Program Files\MATLAB\R2013a\bin\win32\libmwgbtutils.dll
0x03c60000 - 0x03c70000 	C:\Program Files\MATLAB\R2013a\bin\win32\libmwgbt.dll
0x03c70000 - 0x03f15000 	C:\Program Files\MATLAB\R2013a\bin\win32\uiw.dll
0x73ee0000 - 0x73ee8000 	C:\Program Files\MATLAB\R2013a\bin\win32\uinone.dll
0x03f20000 - 0x03f3e000 	C:\Program Files\MATLAB\R2013a\bin\win32\libmwnativefiledialogs.dll
0x03f40000 - 0x03f49000 	C:\Program Files\MATLAB\R2013a\bin\win32\libmwplatform_res.dll
0x72650000 - 0x72662000 	C:\Windows\system32\MPR.dll
0x03f50000 - 0x04388000 	C:\Program Files\MATLAB\R2013a\bin\win32\mfc100.dll
0x04390000 - 0x04395000 	C:\Windows\system32\MSIMG32.dll
0x043a0000 - 0x043f1000 	C:\Windows\system32\WINSPOOL.DRV
0x73710000 - 0x73726000 	C:\Program Files\MATLAB\R2013a\bin\win32\mwoles05.DLL
0x7dc40000 - 0x7dc93000 	C:\Program Files\MATLAB\R2013a\bin\win32\comcli.dll
0x04400000 - 0x04426000 	C:\Program Files\MATLAB\R2013a\bin\win32\ATL100.DLL
0x73e00000 - 0x73e0a000 	C:\Program Files\MATLAB\R2013a\bin\win32\mlautoregister.dll
0x04430000 - 0x0456c000 	C:\Program Files\MATLAB\R2013a\bin\win32\mvm.dll
0x77b00000 - 0x77b1f000 	C:\Windows\system32\IMM32.DLL
0x77520000 - 0x775ec000 	C:\Windows\system32\MSCTF.dll
0x74380000 - 0x743c0000 	C:\Windows\system32\UxTheme.dll
0x74050000 - 0x74063000 	C:\Windows\system32\dwmapi.dll
0x045b0000 - 0x045bd000 	C:\Program Files\MATLAB\R2013a\bin\win32\MFC100ENU.DLL
0x05680000 - 0x056c2000 	C:\Program Files\MATLAB\R2013a\bin\win32\MVMLocal.dll
0x759a0000 - 0x759ab000 	C:\Windows\system32\profapi.dll

VM Arguments:
jvm_args: -Xss512k -XX:PermSize=32m -Xms64m -XX:NewRatio=3 -XX:MaxPermSize=96m -Xmx128m -XX:MaxDirectMemorySize=1200000000 -Dsun.java2d.noddraw=true -Dsun.awt.nopixfmt=true -Xshare:off -Xrs -Dsun.awt.disableMixing=true -Djava.library.path=C:\Program Files\MATLAB\R2013a\bin\win32;C:\Program Files\MATLAB\R2013a\sys\jxbrowser\win32\lib vfprintf abort -XX:ParallelGCThreads=6 
java_command: <unknown>
Launcher Type: generic

Environment Variables:
PATH=C:\Program Files\Gurobi\win32\bin;C:\Windows\system32;C:\Windows;C:\Windows\System32\Wbem;C:\Windows\System32\WindowsPowerShell\v1.0\;C:\Program Files\MATLAB\R2014a\runtime\win32;C:\Program Files\MATLAB\R2014a\bin;C:\Program Files\MATLAB\R2013a\runtime\win32;C:\Program Files\MATLAB\R2013a\bin;C:\Program Files\dSPACE RCPHIL 2013-A\Common\Bin;C:\Program Files\dSPACE RCPHIL 2013-A\Exe;C:\Program Files\dSPACE RCPHIL 2013-A\ControlDesk\Bin;C:\Program Files\QuickTime\QTSystem\
USERNAME=VDL
OS=Windows_NT
PROCESSOR_IDENTIFIER=x86 Family 6 Model 58 Stepping 9, GenuineIntel



---------------  S Y S T E M  ---------------

OS: Windows 7 Build 7601 Service Pack 1

CPU:total 8 (8 cores per cpu, 2 threads per core) family 6 model 58 stepping 9, cmov, cx8, fxsr, mmx, sse, sse2, sse3, ssse3, sse4.1, sse4.2, ht

Memory: 4k page, physical 3642732k(1393624k free), swap 4194303k(3970788k free)

vm_info: Java HotSpot(TM) Client VM (14.3-b01) for windows-x86 JRE (1.6.0_17-b04), built on Oct 11 2009 00:52:06 by "java_re" with MS VC++ 7.1

time: Sun Dec 07 16:52:22 2014
elapsed time: 98065 seconds

